<?xml version="1.0" encoding="UTF-8"?>
<!-- Generated by org.testng.reporters.JUnitReportReporter -->
<testsuite hostname="HARIPC" failures="0" tests="1" name="com.Test_Runner.CheckMethod" time="9.396" errors="0" timestamp="14 Feb 2024 12:10:05 GMT">
  <testcase classname="com.Test_Runner.CheckMethod" name="method" time="9.396"/>
</testsuite> <!-- com.Test_Runner.CheckMethod -->
