<?xml version="1.0" encoding="UTF-8"?>
<!-- Generated by org.testng.reporters.JUnitReportReporter -->
<testsuite hostname="HARIPC" failures="0" tests="1" name="com.Excel.ReadExcel" time="0.745" errors="0" timestamp="14 Feb 2024 03:02:58 GMT">
  <testcase classname="com.Excel.ReadExcel" name="readData" time="0.745"/>
</testsuite> <!-- com.Excel.ReadExcel -->
