<?xml version="1.0" encoding="UTF-8"?>
<!-- Generated by org.testng.reporters.JUnitReportReporter -->
<testsuite hostname="HARIPC" failures="0" tests="2" name="com.Test_Runner.Test_Runner_Class" time="27.886" errors="0" timestamp="14 Feb 2024 19:06:08 GMT">
  <testcase classname="com.Test_Runner.Test_Runner_Class" name="form" time="13.660"/>
  <testcase classname="com.Test_Runner.Test_Runner_Class" name="form" time="14.226"/>
</testsuite> <!-- com.Test_Runner.Test_Runner_Class -->
